<?xml version="1.0" encoding="UTF-8"?>
<testng-results skipped="0" failed="0" total="1" passed="1">
  <reporter-output>
  </reporter-output>
  <suite name="Command line suite" duration-ms="28" started-at="2019-01-14T07:52:32Z" finished-at="2019-01-14T07:52:32Z">
    <groups>
    </groups>
    <test name="Command line test" duration-ms="28" started-at="2019-01-14T07:52:32Z" finished-at="2019-01-14T07:52:32Z">
      <class name="uniwareauto.uniwareauto.AppTest">
        <test-method status="PASS" signature="testApp()[pri:0, instance:testApp(uniwareauto.uniwareauto.AppTest)]" name="testApp" duration-ms="8" started-at="2019-01-14T13:22:32Z" finished-at="2019-01-14T13:22:32Z">
          <reporter-output>
          </reporter-output>
        </test-method> <!-- testApp -->
      </class> <!-- uniwareauto.uniwareauto.AppTest -->
    </test> <!-- Command line test -->
  </suite> <!-- Command line suite -->
</testng-results>
