<?xml version="1.0" encoding="UTF-8"?>
<testng-results skipped="0" failed="0" total="3" passed="3">
  <reporter-output>
  </reporter-output>
  <suite name="Suite" duration-ms="38346" started-at="2019-01-14T07:56:18Z" finished-at="2019-01-14T07:56:56Z">
    <groups>
    </groups>
    <test name="Test" duration-ms="38346" started-at="2019-01-14T07:56:18Z" finished-at="2019-01-14T07:56:56Z">
      <class name="com.uniwareauto.test.LoginTest">
        <test-method status="PASS" signature="beforeTest()[pri:0, instance:com.uniwareauto.test.LoginTest@ae45eb6]" name="beforeTest" is-config="true" duration-ms="16771" started-at="2019-01-14T13:26:01Z" finished-at="2019-01-14T13:26:18Z">
          <reporter-output>
          </reporter-output>
        </test-method> <!-- beforeTest -->
        <test-method status="PASS" signature="invalidLogin()[pri:0, instance:com.uniwareauto.test.LoginTest@ae45eb6]" name="invalidLogin" duration-ms="6112" started-at="2019-01-14T13:26:18Z" finished-at="2019-01-14T13:26:24Z">
          <reporter-output>
          </reporter-output>
        </test-method> <!-- invalidLogin -->
        <test-method status="PASS" signature="validLogin()[pri:0, instance:com.uniwareauto.test.LoginTest@ae45eb6]" name="validLogin" duration-ms="10101" started-at="2019-01-14T13:26:24Z" finished-at="2019-01-14T13:26:34Z">
          <reporter-output>
          </reporter-output>
        </test-method> <!-- validLogin -->
        <test-method status="FAIL" signature="afterTest()[pri:0, instance:com.uniwareauto.test.LoginTest@ae45eb6]" name="afterTest" is-config="true" duration-ms="0" started-at="2019-01-14T13:26:56Z" finished-at="2019-01-14T13:26:56Z">
          <exception class="java.lang.NullPointerException">
            <full-stacktrace>
              <![CDATA[java.lang.NullPointerException
	at com.uniwareauto.utils.dbQuery.executeUpdateQueryString(dbQuery.java:45)
	at com.uniwareauto.utils.dbQuery.deleteParty(dbQuery.java:93)
	at com.uniwareauto.test.BaseTest.afterTest(BaseTest.java:72)
	at sun.reflect.NativeMethodAccessorImpl.invoke0(Native Method)
	at sun.reflect.NativeMethodAccessorImpl.invoke(NativeMethodAccessorImpl.java:62)
	at sun.reflect.DelegatingMethodAccessorImpl.invoke(DelegatingMethodAccessorImpl.java:43)
	at java.lang.reflect.Method.invoke(Method.java:498)
	at org.testng.internal.MethodInvocationHelper.invokeMethod(MethodInvocationHelper.java:80)
	at org.testng.internal.Invoker.invokeConfigurationMethod(Invoker.java:564)
	at org.testng.internal.Invoker.invokeConfigurations(Invoker.java:213)
	at org.testng.internal.Invoker.invokeConfigurations(Invoker.java:138)
	at org.testng.SuiteRunner.privateRun(SuiteRunner.java:308)
	at org.testng.SuiteRunner.run(SuiteRunner.java:240)
	at org.testng.SuiteRunnerWorker.runSuite(SuiteRunnerWorker.java:52)
	at org.testng.SuiteRunnerWorker.run(SuiteRunnerWorker.java:86)
	at org.testng.TestNG.runSuitesSequentially(TestNG.java:1198)
	at org.testng.TestNG.runSuitesLocally(TestNG.java:1123)
	at org.testng.TestNG.run(TestNG.java:1031)
	at org.testng.remote.AbstractRemoteTestNG.run(AbstractRemoteTestNG.java:114)
	at org.testng.remote.RemoteTestNG.initAndRun(RemoteTestNG.java:251)
	at org.testng.remote.RemoteTestNG.main(RemoteTestNG.java:77)
]]>
            </full-stacktrace>
          </exception> <!-- java.lang.NullPointerException -->
          <reporter-output>
          </reporter-output>
        </test-method> <!-- afterTest -->
      </class> <!-- com.uniwareauto.test.LoginTest -->
      <class name="com.uniwareauto.test.HomePageTest">
        <test-method status="PASS" signature="launchBrowser()[pri:0, instance:com.uniwareauto.test.HomePageTest@5622fdf]" name="launchBrowser" is-config="true" duration-ms="15" started-at="2019-01-14T13:26:18Z" finished-at="2019-01-14T13:26:18Z">
          <reporter-output>
          </reporter-output>
        </test-method> <!-- launchBrowser -->
        <test-method status="PASS" signature="launchBrowser()[pri:0, instance:com.uniwareauto.test.LoginTest@ae45eb6]" name="launchBrowser" is-config="true" duration-ms="4" started-at="2019-01-14T13:26:18Z" finished-at="2019-01-14T13:26:18Z">
          <reporter-output>
          </reporter-output>
        </test-method> <!-- launchBrowser -->
        <test-method status="PASS" signature="createFacility()[pri:0, instance:com.uniwareauto.test.HomePageTest@5622fdf]" name="createFacility" duration-ms="22039" started-at="2019-01-14T13:26:34Z" finished-at="2019-01-14T13:26:56Z">
          <reporter-output>
          </reporter-output>
        </test-method> <!-- createFacility -->
      </class> <!-- com.uniwareauto.test.HomePageTest -->
    </test> <!-- Test -->
  </suite> <!-- Suite -->
</testng-results>
