<?xml version="1.0" encoding="UTF-8"?>
<!-- Generated by org.testng.reporters.JUnitXMLReporter -->
<testsuite hostname="Rakshits-MacBook-Air.local" name="Test" tests="3" failures="0" timestamp="14 Jan 2019 07:56:56 GMT" time="38.346" errors="0">
  <testcase name="invalidLogin" time="6.112" classname="com.uniwareauto.test.LoginTest"/>
  <testcase name="validLogin" time="10.101" classname="com.uniwareauto.test.LoginTest"/>
  <testcase name="createFacility" time="22.039" classname="com.uniwareauto.test.HomePageTest"/>
</testsuite> <!-- Test -->
